<?xml version="1.0" encoding="UTF-8"?>
<!-- Generated by org.testng.reporters.JUnitReportReporter -->
<testsuite hostname="Acer" failures="0" tests="1" name="com.qa.Test.LoginPageTest" time="0.489" errors="0" timestamp="2021-10-20T12:22:05 IST" skipped="0">
  <testcase classname="com.qa.Test.LoginPageTest" name="LoginPage_Title_Test" time="0.489"/>
  <system-out/>
</testsuite> <!-- com.qa.Test.LoginPageTest -->
